Start testing: Aug 08 10:45 CST
----------------------------------------------------------
1/7 Testing: TutorialRuns
1/7 Test: TutorialRuns
Command: "/home/zyz/share_dir/zyz_net_muduo/cmake/Tutorial" "25"
Directory: /home/zyz/share_dir/zyz_net_muduo/cmake
"TutorialRuns" start time: Aug 08 10:45 CST
Output:
----------------------------------------------------------
The square root of 25 is 5
<end of output>
Test time =   0.00 sec
----------------------------------------------------------
Test Passed.
"TutorialRuns" end time: Aug 08 10:45 CST
"TutorialRuns" time elapsed: 00:00:00
----------------------------------------------------------

2/7 Testing: TutorialComp25
2/7 Test: TutorialComp25
Command: "/home/zyz/share_dir/zyz_net_muduo/cmake/Tutorial" "25"
Directory: /home/zyz/share_dir/zyz_net_muduo/cmake
"TutorialComp25" start time: Aug 08 10:45 CST
Output:
----------------------------------------------------------
The square root of 25 is 5
<end of output>
Test time =   0.00 sec
----------------------------------------------------------
Test Pass Reason:
Required regular expression found.Regex=[25 is 5
]
"TutorialComp25" end time: Aug 08 10:45 CST
"TutorialComp25" time elapsed: 00:00:00
----------------------------------------------------------

3/7 Testing: TutorialNegative
3/7 Test: TutorialNegative
Command: "/home/zyz/share_dir/zyz_net_muduo/cmake/Tutorial" "-25"
Directory: /home/zyz/share_dir/zyz_net_muduo/cmake
"TutorialNegative" start time: Aug 08 10:45 CST
Output:
----------------------------------------------------------
The square root of -25 is -nan
<end of output>
Test time =   0.00 sec
----------------------------------------------------------
Test Fail Reason:
Required regular expression not found.Regex=[-25 is 0
]
"TutorialNegative" end time: Aug 08 10:45 CST
"TutorialNegative" time elapsed: 00:00:00
----------------------------------------------------------

4/7 Testing: TutorialSmall
4/7 Test: TutorialSmall
Command: "/home/zyz/share_dir/zyz_net_muduo/cmake/Tutorial" "0.0001"
Directory: /home/zyz/share_dir/zyz_net_muduo/cmake
"TutorialSmall" start time: Aug 08 10:45 CST
Output:
----------------------------------------------------------
The square root of 0.0001 is 0.01
<end of output>
Test time =   0.00 sec
----------------------------------------------------------
Test Pass Reason:
Required regular expression found.Regex=[0.0001 is 0.01
]
"TutorialSmall" end time: Aug 08 10:45 CST
"TutorialSmall" time elapsed: 00:00:00
----------------------------------------------------------

5/7 Testing: TutorialUsage
5/7 Test: TutorialUsage
Command: "/home/zyz/share_dir/zyz_net_muduo/cmake/Tutorial"
Directory: /home/zyz/share_dir/zyz_net_muduo/cmake
"TutorialUsage" start time: Aug 08 10:45 CST
Output:
----------------------------------------------------------
/home/zyz/share_dir/zyz_net_muduo/cmake/Tutorial Version 1.0
Usage: /home/zyz/share_dir/zyz_net_muduo/cmake/Tutorial number
<end of output>
Test time =   0.00 sec
----------------------------------------------------------
Test Pass Reason:
Required regular expression found.Regex=[Usage:.*number
]
"TutorialUsage" end time: Aug 08 10:45 CST
"TutorialUsage" time elapsed: 00:00:00
----------------------------------------------------------

6/7 Testing: TutorialComp16
6/7 Test: TutorialComp16
Command: "/home/zyz/share_dir/zyz_net_muduo/cmake/Tutorial" "16"
Directory: /home/zyz/share_dir/zyz_net_muduo/cmake
"TutorialComp16" start time: Aug 08 10:45 CST
Output:
----------------------------------------------------------
The square root of 16 is 4
<end of output>
Test time =   0.00 sec
----------------------------------------------------------
Test Pass Reason:
Required regular expression found.Regex=[16 is 4
]
"TutorialComp16" end time: Aug 08 10:45 CST
"TutorialComp16" time elapsed: 00:00:00
----------------------------------------------------------

7/7 Testing: TutorialComp-16,
7/7 Test: TutorialComp-16,
Command: "/home/zyz/share_dir/zyz_net_muduo/cmake/Tutorial" "-16,"
Directory: /home/zyz/share_dir/zyz_net_muduo/cmake
"TutorialComp-16," start time: Aug 08 10:45 CST
Output:
----------------------------------------------------------
The square root of -16 is -nan
<end of output>
Test time =   0.00 sec
----------------------------------------------------------
Test Fail Reason:
Required regular expression not found.Regex=[-16 is 0
]
"TutorialComp-16," end time: Aug 08 10:45 CST
"TutorialComp-16," time elapsed: 00:00:00
----------------------------------------------------------

End testing: Aug 08 10:45 CST
